
**** Build of configuration Debug for project Robot_arm ****

"C:\\ti\\ccs740\\ccsv7\\utils\\bin\\gmake" -k -j 4 all -O 
 
'Building file: "../main.c"'
'Invoking: MSP430 Compiler'
"C:/ti/ccs740/ccsv7/tools/compiler/ti-cgt-msp430_16.9.6.LTS/bin/cl430" -vmsp --use_hw_mpy=none --include_path="C:/ti/ccs740/ccsv7/ccs_base/msp430/include" --include_path="C:/Users/NUC/workspace_v7/Robot_arm" --include_path="C:/ti/ccs740/ccsv7/tools/compiler/ti-cgt-msp430_16.9.6.LTS/include" --advice:power=all --define=__MSP430G2553__ -g --printf_support=minimal --diag_warning=225 --diag_wrap=off --display_error_number --preproc_with_compile --preproc_dependency="main.d_raw"  "../main.c"
"../main.c", line 36: remark #1533-D: (ULP 6.1) Detected use of multiplication on a device that has no hardware multiplier
"../main.c", line 37: remark #1533-D: (ULP 6.1) Detected use of multiplication on a device that has no hardware multiplier
"../main.c", line 38: remark #1533-D: (ULP 6.1) Detected use of multiplication on a device that has no hardware multiplier
"../main.c", line 39: remark #1533-D: (ULP 6.1) Detected use of multiplication on a device that has no hardware multiplier
"C:/ti/ccs740/ccsv7/tools/compiler/ti-cgt-msp430_16.9.6.LTS/include/_defs.h", line 203 (col. 27): remark #1531-D: (ULP 5.2) Detected floating point operation(s). Recommend moving them to RAM during run time or not using as these are processing/power intensive
"C:/ti/ccs740/ccsv7/tools/compiler/ti-cgt-msp430_16.9.6.LTS/include/_defs.h", line 204 (col. 10): remark #1531-D: (ULP 5.2) Detected floating point operation(s). Recommend moving them to RAM during run time or not using as these are processing/power intensive
"C:/ti/ccs740/ccsv7/tools/compiler/ti-cgt-msp430_16.9.6.LTS/include/_defs.h", line 205 (col. 27): remark #1531-D: (ULP 5.2) Detected floating point operation(s). Recommend moving them to RAM during run time or not using as these are processing/power intensive
"C:/ti/ccs740/ccsv7/tools/compiler/ti-cgt-msp430_16.9.6.LTS/include/_defs.h", line 206 (col. 10): remark #1531-D: (ULP 5.2) Detected floating point operation(s). Recommend moving them to RAM during run time or not using as these are processing/power intensive
"C:/ti/ccs740/ccsv7/tools/compiler/ti-cgt-msp430_16.9.6.LTS/include/_defs.h", line 207 (col. 27): remark #1531-D: (ULP 5.2) Detected floating point operation(s). Recommend moving them to RAM during run time or not using as these are processing/power intensive
"C:/ti/ccs740/ccsv7/tools/compiler/ti-cgt-msp430_16.9.6.LTS/include/_defs.h", line 208 (col. 10): remark #1531-D: (ULP 5.2) Detected floating point operation(s). Recommend moving them to RAM during run time or not using as these are processing/power intensive
"C:/ti/ccs740/ccsv7/tools/compiler/ti-cgt-msp430_16.9.6.LTS/include/_defs.h", line 210 (col. 27): remark #1531-D: (ULP 5.2) Detected floating point operation(s). Recommend moving them to RAM during run time or not using as these are processing/power intensive
"C:/ti/ccs740/ccsv7/tools/compiler/ti-cgt-msp430_16.9.6.LTS/include/_defs.h", line 211 (col. 10): remark #1531-D: (ULP 5.2) Detected floating point operation(s). Recommend moving them to RAM during run time or not using as these are processing/power intensive
"C:/ti/ccs740/ccsv7/tools/compiler/ti-cgt-msp430_16.9.6.LTS/include/_defs.h", line 212 (col. 10): remark #1531-D: (ULP 5.2) Detected floating point operation(s). Recommend moving them to RAM during run time or not using as these are processing/power intensive
"C:/ti/ccs740/ccsv7/tools/compiler/ti-cgt-msp430_16.9.6.LTS/include/_defs.h", line 213 (col. 27): remark #1531-D: (ULP 5.2) Detected floating point operation(s). Recommend moving them to RAM during run time or not using as these are processing/power intensive
"C:/ti/ccs740/ccsv7/tools/compiler/ti-cgt-msp430_16.9.6.LTS/include/_defs.h", line 214 (col. 10): remark #1531-D: (ULP 5.2) Detected floating point operation(s). Recommend moving them to RAM during run time or not using as these are processing/power intensive
"C:/ti/ccs740/ccsv7/tools/compiler/ti-cgt-msp430_16.9.6.LTS/include/_defs.h", line 215 (col. 10): remark #1531-D: (ULP 5.2) Detected floating point operation(s). Recommend moving them to RAM during run time or not using as these are processing/power intensive
"C:/ti/ccs740/ccsv7/tools/compiler/ti-cgt-msp430_16.9.6.LTS/include/_defs.h", line 216 (col. 27): remark #1531-D: (ULP 5.2) Detected floating point operation(s). Recommend moving them to RAM during run time or not using as these are processing/power intensive
"C:/ti/ccs740/ccsv7/tools/compiler/ti-cgt-msp430_16.9.6.LTS/include/_defs.h", line 217 (col. 10): remark #1531-D: (ULP 5.2) Detected floating point operation(s). Recommend moving them to RAM during run time or not using as these are processing/power intensive
"C:/ti/ccs740/ccsv7/tools/compiler/ti-cgt-msp430_16.9.6.LTS/include/_defs.h", line 218 (col. 10): remark #1531-D: (ULP 5.2) Detected floating point operation(s). Recommend moving them to RAM during run time or not using as these are processing/power intensive
"C:/ti/ccs740/ccsv7/tools/compiler/ti-cgt-msp430_16.9.6.LTS/include/_defs.h", line 220 (col. 27): remark #1531-D: (ULP 5.2) Detected floating point operation(s). Recommend moving them to RAM during run time or not using as these are processing/power intensive
"C:/ti/ccs740/ccsv7/tools/compiler/ti-cgt-msp430_16.9.6.LTS/include/_defs.h", line 221 (col. 11): remark #1531-D: (ULP 5.2) Detected floating point operation(s). Recommend moving them to RAM during run time or not using as these are processing/power intensive
"C:/ti/ccs740/ccsv7/tools/compiler/ti-cgt-msp430_16.9.6.LTS/include/_defs.h", line 222 (col. 11): remark #1531-D: (ULP 5.2) Detected floating point operation(s). Recommend moving them to RAM during run time or not using as these are processing/power intensive
"C:/ti/ccs740/ccsv7/tools/compiler/ti-cgt-msp430_16.9.6.LTS/include/_defs.h", line 224 (col. 27): remark #1531-D: (ULP 5.2) Detected floating point operation(s). Recommend moving them to RAM during run time or not using as these are processing/power intensive
"C:/ti/ccs740/ccsv7/tools/compiler/ti-cgt-msp430_16.9.6.LTS/include/_defs.h", line 225 (col. 11): remark #1531-D: (ULP 5.2) Detected floating point operation(s). Recommend moving them to RAM during run time or not using as these are processing/power intensive
"C:/ti/ccs740/ccsv7/tools/compiler/ti-cgt-msp430_16.9.6.LTS/include/_defs.h", line 226 (col. 11): remark #1531-D: (ULP 5.2) Detected floating point operation(s). Recommend moving them to RAM during run time or not using as these are processing/power intensive
"C:/ti/ccs740/ccsv7/tools/compiler/ti-cgt-msp430_16.9.6.LTS/include/_defs.h", line 228 (col. 27): remark #1531-D: (ULP 5.2) Detected floating point operation(s). Recommend moving them to RAM during run time or not using as these are processing/power intensive
"C:/ti/ccs740/ccsv7/tools/compiler/ti-cgt-msp430_16.9.6.LTS/include/_defs.h", line 229 (col. 11): remark #1531-D: (ULP 5.2) Detected floating point operation(s). Recommend moving them to RAM during run time or not using as these are processing/power intensive
"C:/ti/ccs740/ccsv7/tools/compiler/ti-cgt-msp430_16.9.6.LTS/include/_defs.h", line 230 (col. 11): remark #1531-D: (ULP 5.2) Detected floating point operation(s). Recommend moving them to RAM during run time or not using as these are processing/power intensive
"C:/ti/ccs740/ccsv7/tools/compiler/ti-cgt-msp430_16.9.6.LTS/include/_defs.h", line 232 (col. 27): remark #1531-D: (ULP 5.2) Detected floating point operation(s). Recommend moving them to RAM during run time or not using as these are processing/power intensive
"C:/ti/ccs740/ccsv7/tools/compiler/ti-cgt-msp430_16.9.6.LTS/include/_defs.h", line 233 (col. 10): remark #1531-D: (ULP 5.2) Detected floating point operation(s). Recommend moving them to RAM during run time or not using as these are processing/power intensive
"C:/ti/ccs740/ccsv7/tools/compiler/ti-cgt-msp430_16.9.6.LTS/include/_defs.h", line 234 (col. 27): remark #1531-D: (ULP 5.2) Detected floating point operation(s). Recommend moving them to RAM during run time or not using as these are processing/power intensive
"C:/ti/ccs740/ccsv7/tools/compiler/ti-cgt-msp430_16.9.6.LTS/include/_defs.h", line 235 (col. 10): remark #1531-D: (ULP 5.2) Detected floating point operation(s). Recommend moving them to RAM during run time or not using as these are processing/power intensive
"C:/ti/ccs740/ccsv7/tools/compiler/ti-cgt-msp430_16.9.6.LTS/include/_defs.h", line 236 (col. 27): remark #1531-D: (ULP 5.2) Detected floating point operation(s). Recommend moving them to RAM during run time or not using as these are processing/power intensive
"C:/ti/ccs740/ccsv7/tools/compiler/ti-cgt-msp430_16.9.6.LTS/include/_defs.h", line 237 (col. 10): remark #1531-D: (ULP 5.2) Detected floating point operation(s). Recommend moving them to RAM during run time or not using as these are processing/power intensive
"C:/ti/ccs740/ccsv7/tools/compiler/ti-cgt-msp430_16.9.6.LTS/include/_defs.h", line 243 (col. 27): remark #1531-D: (ULP 5.2) Detected floating point operation(s). Recommend moving them to RAM during run time or not using as these are processing/power intensive
"C:/ti/ccs740/ccsv7/tools/compiler/ti-cgt-msp430_16.9.6.LTS/include/_defs.h", line 244 (col. 10): remark #1531-D: (ULP 5.2) Detected floating point operation(s). Recommend moving them to RAM during run time or not using as these are processing/power intensive
"C:/ti/ccs740/ccsv7/tools/compiler/ti-cgt-msp430_16.9.6.LTS/include/_defs.h", line 245 (col. 27): remark #1531-D: (ULP 5.2) Detected floating point operation(s). Recommend moving them to RAM during run time or not using as these are processing/power intensive
"C:/ti/ccs740/ccsv7/tools/compiler/ti-cgt-msp430_16.9.6.LTS/include/_defs.h", line 246 (col. 10): remark #1531-D: (ULP 5.2) Detected floating point operation(s). Recommend moving them to RAM during run time or not using as these are processing/power intensive
"C:/ti/ccs740/ccsv7/tools/compiler/ti-cgt-msp430_16.9.6.LTS/include/_defs.h", line 247 (col. 27): remark #1531-D: (ULP 5.2) Detected floating point operation(s). Recommend moving them to RAM during run time or not using as these are processing/power intensive
"C:/ti/ccs740/ccsv7/tools/compiler/ti-cgt-msp430_16.9.6.LTS/include/_defs.h", line 248 (col. 10): remark #1531-D: (ULP 5.2) Detected floating point operation(s). Recommend moving them to RAM during run time or not using as these are processing/power intensive
"C:/ti/ccs740/ccsv7/tools/compiler/ti-cgt-msp430_16.9.6.LTS/include/_defs.h", line 257 (col. 27): remark #1531-D: (ULP 5.2) Detected floating point operation(s). Recommend moving them to RAM during run time or not using as these are processing/power intensive
"C:/ti/ccs740/ccsv7/tools/compiler/ti-cgt-msp430_16.9.6.LTS/include/_defs.h", line 259 (col. 9): remark #1531-D: (ULP 5.2) Detected floating point operation(s). Recommend moving them to RAM during run time or not using as these are processing/power intensive
"C:/ti/ccs740/ccsv7/tools/compiler/ti-cgt-msp430_16.9.6.LTS/include/_defs.h", line 261 (col. 13): remark #1531-D: (ULP 5.2) Detected floating point operation(s). Recommend moving them to RAM during run time or not using as these are processing/power intensive
"C:/ti/ccs740/ccsv7/tools/compiler/ti-cgt-msp430_16.9.6.LTS/include/_defs.h", line 265 (col. 9): remark #1531-D: (ULP 5.2) Detected floating point operation(s). Recommend moving them to RAM during run time or not using as these are processing/power intensive
"C:/ti/ccs740/ccsv7/tools/compiler/ti-cgt-msp430_16.9.6.LTS/include/_defs.h", line 267 (col. 13): remark #1531-D: (ULP 5.2) Detected floating point operation(s). Recommend moving them to RAM during run time or not using as these are processing/power intensive
"C:/ti/ccs740/ccsv7/tools/compiler/ti-cgt-msp430_16.9.6.LTS/include/_defs.h", line 274 (col. 27): remark #1531-D: (ULP 5.2) Detected floating point operation(s). Recommend moving them to RAM during run time or not using as these are processing/power intensive
"C:/ti/ccs740/ccsv7/tools/compiler/ti-cgt-msp430_16.9.6.LTS/include/_defs.h", line 276 (col. 9): remark #1531-D: (ULP 5.2) Detected floating point operation(s). Recommend moving them to RAM during run time or not using as these are processing/power intensive
"C:/ti/ccs740/ccsv7/tools/compiler/ti-cgt-msp430_16.9.6.LTS/include/_defs.h", line 278 (col. 13): remark #1531-D: (ULP 5.2) Detected floating point operation(s). Recommend moving them to RAM during run time or not using as these are processing/power intensive
"C:/ti/ccs740/ccsv7/tools/compiler/ti-cgt-msp430_16.9.6.LTS/include/_defs.h", line 282 (col. 9): remark #1531-D: (ULP 5.2) Detected floating point operation(s). Recommend moving them to RAM during run time or not using as these are processing/power intensive
"C:/ti/ccs740/ccsv7/tools/compiler/ti-cgt-msp430_16.9.6.LTS/include/_defs.h", line 284 (col. 13): remark #1531-D: (ULP 5.2) Detected floating point operation(s). Recommend moving them to RAM during run time or not using as these are processing/power intensive
"C:/ti/ccs740/ccsv7/tools/compiler/ti-cgt-msp430_16.9.6.LTS/include/_defs.h", line 291 (col. 27): remark #1531-D: (ULP 5.2) Detected floating point operation(s). Recommend moving them to RAM during run time or not using as these are processing/power intensive
"C:/ti/ccs740/ccsv7/tools/compiler/ti-cgt-msp430_16.9.6.LTS/include/_defs.h", line 293 (col. 9): remark #1531-D: (ULP 5.2) Detected floating point operation(s). Recommend moving them to RAM during run time or not using as these are processing/power intensive
"C:/ti/ccs740/ccsv7/tools/compiler/ti-cgt-msp430_16.9.6.LTS/include/_defs.h", line 295 (col. 13): remark #1531-D: (ULP 5.2) Detected floating point operation(s). Recommend moving them to RAM during run time or not using as these are processing/power intensive
"C:/ti/ccs740/ccsv7/tools/compiler/ti-cgt-msp430_16.9.6.LTS/include/_defs.h", line 299 (col. 9): remark #1531-D: (ULP 5.2) Detected floating point operation(s). Recommend moving them to RAM during run time or not using as these are processing/power intensive
"C:/ti/ccs740/ccsv7/tools/compiler/ti-cgt-msp430_16.9.6.LTS/include/_defs.h", line 301 (col. 13): remark #1531-D: (ULP 5.2) Detected floating point operation(s). Recommend moving them to RAM during run time or not using as these are processing/power intensive
"../main.c", line 36 (col. 26): remark #1531-D: (ULP 5.2) Detected floating point operation(s). Recommend moving them to RAM during run time or not using as these are processing/power intensive
"../main.c", line 37 (col. 24): remark #1531-D: (ULP 5.2) Detected floating point operation(s). Recommend moving them to RAM during run time or not using as these are processing/power intensive
"../main.c", line 38 (col. 25): remark #1531-D: (ULP 5.2) Detected floating point operation(s). Recommend moving them to RAM during run time or not using as these are processing/power intensive
"../main.c", line 39 (col. 25): remark #1531-D: (ULP 5.2) Detected floating point operation(s). Recommend moving them to RAM during run time or not using as these are processing/power intensive
'Finished building: "../main.c"'
 
'Building target: "Robot_arm.out"'
'Invoking: MSP430 Linker'
"C:/ti/ccs740/ccsv7/tools/compiler/ti-cgt-msp430_16.9.6.LTS/bin/cl430" -vmsp --use_hw_mpy=none --advice:power=all --define=__MSP430G2553__ -g --printf_support=minimal --diag_warning=225 --diag_wrap=off --display_error_number -z -m"Robot_arm.map" --heap_size=80 --stack_size=80 -i"C:/ti/ccs740/ccsv7/ccs_base/msp430/include" -i"C:/ti/ccs740/ccsv7/tools/compiler/ti-cgt-msp430_16.9.6.LTS/lib" -i"C:/ti/ccs740/ccsv7/tools/compiler/ti-cgt-msp430_16.9.6.LTS/include" --reread_libs --diag_wrap=off --display_error_number --warn_sections --xml_link_info="Robot_arm_linkInfo.xml" --use_hw_mpy=none --rom_model -o "Robot_arm.out" "./main.obj" "../lnk_msp430g2553.cmd"  -llibc.a 
<Linking>
remark #10371-D: (ULP 1.1) Detected no uses of low power mode state changing instructions
remark #10372-D: (ULP 4.1) Detected uninitialized Port 3 in this project. Recommend initializing all unused ports to eliminate wasted current consumption on unused pins.
'Finished building target: "Robot_arm.out"'
 

**** Build Finished ****
